<?xml version="1.0" encoding="UTF-8"?>
<!-- Generated by org.testng.reporters.JUnitReportReporter -->
<testsuite skipped="0" hostname="HP-PC" name="com.amazon.testcases.AmazonMain" tests="5" failures="0" timestamp="02 Sep 2018 17:10:18 GMT" time="117.580" errors="0">
  <testcase name="mousehover" time="42.109" classname="com.amazon.testcases.AmazonMain"/>
  <testcase name="proudctPage" time="15.186" classname="com.amazon.testcases.AmazonMain"/>
  <testcase name="proudctPage" time="24.248" classname="com.amazon.testcases.AmazonMain"/>
  <testcase name="login" time="26.794" classname="com.amazon.testcases.AmazonMain"/>
  <testcase name="productDelete" time="9.243" classname="com.amazon.testcases.AmazonMain"/>
</testsuite> <!-- com.amazon.testcases.AmazonMain -->
