<?xml version="1.0" encoding="UTF-8"?>
<!-- Generated by org.testng.reporters.JUnitReportReporter -->
<testsuite skipped="0" hostname="GOD11259" name="com.amazon.testcases.AmazonMain" tests="2" failures="0" timestamp="03 Sep 2018 11:23:02 GMT" time="51.435" errors="0">
  <testcase name="proudctPage" time="12.355" classname="com.amazon.testcases.AmazonMain"/>
  <testcase name="proudctPage" time="39.080" classname="com.amazon.testcases.AmazonMain"/>
</testsuite> <!-- com.amazon.testcases.AmazonMain -->
